[Tue Oct 31 01:00:56.607492 2023] [ssl:warn] [pid 11020:tid 404] AH01909: www.example.com:443:0 server certificate does NOT include an ID which matches the server name
[Tue Oct 31 01:00:56.672293 2023] [ssl:warn] [pid 11020:tid 404] AH01909: www.example.com:443:0 server certificate does NOT include an ID which matches the server name
[Tue Oct 31 01:00:56.701968 2023] [mpm_winnt:notice] [pid 11020:tid 404] AH00455: Apache/2.4.56 (Win64) OpenSSL/1.1.1t PHP/8.0.28 configured -- resuming normal operations
[Tue Oct 31 01:00:56.701968 2023] [mpm_winnt:notice] [pid 11020:tid 404] AH00456: Apache Lounge VS16 Server built: Mar  7 2023 13:21:03
[Tue Oct 31 01:00:56.701968 2023] [core:notice] [pid 11020:tid 404] AH00094: Command line: 'C:\\xampp\\apache\\bin\\httpd.exe -d C:/xampp/apache'
[Tue Oct 31 01:00:56.720498 2023] [mpm_winnt:notice] [pid 11020:tid 404] AH00418: Parent: Created child process 7180
[Tue Oct 31 01:00:57.388007 2023] [ssl:warn] [pid 7180:tid 416] AH01909: www.example.com:443:0 server certificate does NOT include an ID which matches the server name
[Tue Oct 31 01:00:57.437609 2023] [ssl:warn] [pid 7180:tid 416] AH01909: www.example.com:443:0 server certificate does NOT include an ID which matches the server name
[Tue Oct 31 01:00:57.467048 2023] [mpm_winnt:notice] [pid 7180:tid 416] AH00354: Child: Starting 150 worker threads.
[Tue Oct 31 01:02:59.649885 2023] [ssl:warn] [pid 11548:tid 428] AH01909: www.example.com:443:0 server certificate does NOT include an ID which matches the server name
[Tue Oct 31 01:02:59.706635 2023] [ssl:warn] [pid 11548:tid 428] AH01909: www.example.com:443:0 server certificate does NOT include an ID which matches the server name
[Tue Oct 31 01:02:59.728052 2023] [mpm_winnt:notice] [pid 11548:tid 428] AH00455: Apache/2.4.56 (Win64) OpenSSL/1.1.1t PHP/8.0.28 configured -- resuming normal operations
[Tue Oct 31 01:02:59.728052 2023] [mpm_winnt:notice] [pid 11548:tid 428] AH00456: Apache Lounge VS16 Server built: Mar  7 2023 13:21:03
[Tue Oct 31 01:02:59.728052 2023] [core:notice] [pid 11548:tid 428] AH00094: Command line: 'c:\\xampp\\apache\\bin\\httpd.exe -d C:/xampp/apache'
[Tue Oct 31 01:02:59.745189 2023] [mpm_winnt:notice] [pid 11548:tid 428] AH00418: Parent: Created child process 872
[Tue Oct 31 01:03:00.549391 2023] [ssl:warn] [pid 872:tid 452] AH01909: www.example.com:443:0 server certificate does NOT include an ID which matches the server name
[Tue Oct 31 01:03:00.603680 2023] [ssl:warn] [pid 872:tid 452] AH01909: www.example.com:443:0 server certificate does NOT include an ID which matches the server name
[Tue Oct 31 01:03:00.648899 2023] [mpm_winnt:notice] [pid 872:tid 452] AH00354: Child: Starting 150 worker threads.
[Tue Oct 31 12:28:04.563322 2023] [ssl:warn] [pid 10304:tid 436] AH01909: www.example.com:443:0 server certificate does NOT include an ID which matches the server name
[Tue Oct 31 12:28:04.633407 2023] [core:warn] [pid 10304:tid 436] AH00098: pid file C:/xampp/apache/logs/httpd.pid overwritten -- Unclean shutdown of previous Apache run?
[Tue Oct 31 12:28:04.636283 2023] [ssl:warn] [pid 10304:tid 436] AH01909: www.example.com:443:0 server certificate does NOT include an ID which matches the server name
[Tue Oct 31 12:28:04.988225 2023] [mpm_winnt:notice] [pid 10304:tid 436] AH00455: Apache/2.4.56 (Win64) OpenSSL/1.1.1t PHP/8.0.28 configured -- resuming normal operations
[Tue Oct 31 12:28:04.988225 2023] [mpm_winnt:notice] [pid 10304:tid 436] AH00456: Apache Lounge VS16 Server built: Mar  7 2023 13:21:03
[Tue Oct 31 12:28:04.988225 2023] [core:notice] [pid 10304:tid 436] AH00094: Command line: 'c:\\xampp\\apache\\bin\\httpd.exe -d C:/xampp/apache'
[Tue Oct 31 12:28:05.001951 2023] [mpm_winnt:notice] [pid 10304:tid 436] AH00418: Parent: Created child process 1044
[Tue Oct 31 12:28:05.712680 2023] [ssl:warn] [pid 1044:tid 404] AH01909: www.example.com:443:0 server certificate does NOT include an ID which matches the server name
[Tue Oct 31 12:28:05.776985 2023] [ssl:warn] [pid 1044:tid 404] AH01909: www.example.com:443:0 server certificate does NOT include an ID which matches the server name
[Tue Oct 31 12:28:05.813095 2023] [mpm_winnt:notice] [pid 1044:tid 404] AH00354: Child: Starting 150 worker threads.
[Tue Oct 31 23:49:03.382856 2023] [ssl:warn] [pid 12836:tid 408] AH01909: www.example.com:443:0 server certificate does NOT include an ID which matches the server name
[Tue Oct 31 23:49:03.432813 2023] [core:warn] [pid 12836:tid 408] AH00098: pid file C:/xampp/apache/logs/httpd.pid overwritten -- Unclean shutdown of previous Apache run?
[Tue Oct 31 23:49:03.436785 2023] [ssl:warn] [pid 12836:tid 408] AH01909: www.example.com:443:0 server certificate does NOT include an ID which matches the server name
[Tue Oct 31 23:49:03.460692 2023] [mpm_winnt:notice] [pid 12836:tid 408] AH00455: Apache/2.4.56 (Win64) OpenSSL/1.1.1t PHP/8.0.28 configured -- resuming normal operations
[Tue Oct 31 23:49:03.460692 2023] [mpm_winnt:notice] [pid 12836:tid 408] AH00456: Apache Lounge VS16 Server built: Mar  7 2023 13:21:03
[Tue Oct 31 23:49:03.460692 2023] [core:notice] [pid 12836:tid 408] AH00094: Command line: 'c:\\xampp\\apache\\bin\\httpd.exe -d C:/xampp/apache'
[Tue Oct 31 23:49:03.476296 2023] [mpm_winnt:notice] [pid 12836:tid 408] AH00418: Parent: Created child process 12904
[Tue Oct 31 23:49:04.038654 2023] [ssl:warn] [pid 12904:tid 408] AH01909: www.example.com:443:0 server certificate does NOT include an ID which matches the server name
[Tue Oct 31 23:49:04.085518 2023] [ssl:warn] [pid 12904:tid 408] AH01909: www.example.com:443:0 server certificate does NOT include an ID which matches the server name
[Tue Oct 31 23:49:04.132381 2023] [mpm_winnt:notice] [pid 12904:tid 408] AH00354: Child: Starting 150 worker threads.
[Wed Nov 01 00:19:17.785721 2023] [php:warn] [pid 12904:tid 1848] [client ::1:60085] PHP Warning:  An unexpected error occurred. Something may be wrong with WordPress.org or this server&#8217;s configuration. If you continue to have problems, please try the <a href="https://wordpress.org/support/forums/">support forums</a>. (WordPress could not establish a secure connection to WordPress.org. Please contact your server administrator.) in C:\\xampp\\htdocs\\creativemind\\wp-admin\\includes\\plugin-install.php on line 183, referer: http://localhost/creativemind/wp-admin/nav-menus.php?action=edit&menu=0
[Wed Nov 01 00:19:25.159459 2023] [php:warn] [pid 12904:tid 1840] [client ::1:60093] PHP Warning:  An unexpected error occurred. Something may be wrong with WordPress.org or this server&#8217;s configuration. If you continue to have problems, please try the <a href="https://wordpress.org/support/forums/">support forums</a>. (WordPress could not establish a secure connection to WordPress.org. Please contact your server administrator.) in C:\\xampp\\htdocs\\creativemind\\wp-admin\\includes\\plugin-install.php on line 183, referer: http://localhost/creativemind/wp-admin/themes.php?page=hestia-welcome
[Wed Nov 01 00:19:37.840998 2023] [php:warn] [pid 12904:tid 1848] [client ::1:60085] PHP Warning:  An unexpected error occurred. Something may be wrong with WordPress.org or this server&#8217;s configuration. If you continue to have problems, please try the <a href="https://wordpress.org/support/forums/">support forums</a>. (WordPress could not establish a secure connection to WordPress.org. Please contact your server administrator.) in C:\\xampp\\htdocs\\creativemind\\wp-admin\\includes\\plugin-install.php on line 183, referer: http://localhost/creativemind/wp-admin/nav-menus.php?action=edit&menu=0
[Wed Nov 01 00:19:45.197715 2023] [php:warn] [pid 12904:tid 1840] [client ::1:60093] PHP Warning:  An unexpected error occurred. Something may be wrong with WordPress.org or this server&#8217;s configuration. If you continue to have problems, please try the <a href="https://wordpress.org/support/forums/">support forums</a>. (WordPress could not establish a secure connection to WordPress.org. Please contact your server administrator.) in C:\\xampp\\htdocs\\creativemind\\wp-admin\\includes\\plugin-install.php on line 183, referer: http://localhost/creativemind/wp-admin/themes.php?page=hestia-welcome
[Wed Nov 01 00:19:57.886309 2023] [php:warn] [pid 12904:tid 1848] [client ::1:60085] PHP Warning:  An unexpected error occurred. Something may be wrong with WordPress.org or this server&#8217;s configuration. If you continue to have problems, please try the <a href="https://wordpress.org/support/forums/">support forums</a>. (WordPress could not establish a secure connection to WordPress.org. Please contact your server administrator.) in C:\\xampp\\htdocs\\creativemind\\wp-admin\\includes\\plugin-install.php on line 183, referer: http://localhost/creativemind/wp-admin/nav-menus.php?action=edit&menu=0
[Wed Nov 01 00:20:05.253758 2023] [php:warn] [pid 12904:tid 1840] [client ::1:60093] PHP Warning:  An unexpected error occurred. Something may be wrong with WordPress.org or this server&#8217;s configuration. If you continue to have problems, please try the <a href="https://wordpress.org/support/forums/">support forums</a>. (WordPress could not establish a secure connection to WordPress.org. Please contact your server administrator.) in C:\\xampp\\htdocs\\creativemind\\wp-admin\\includes\\plugin-install.php on line 183, referer: http://localhost/creativemind/wp-admin/themes.php?page=hestia-welcome
[Wed Nov 01 00:20:17.922119 2023] [php:warn] [pid 12904:tid 1848] [client ::1:60085] PHP Warning:  An unexpected error occurred. Something may be wrong with WordPress.org or this server&#8217;s configuration. If you continue to have problems, please try the <a href="https://wordpress.org/support/forums/">support forums</a>. (WordPress could not establish a secure connection to WordPress.org. Please contact your server administrator.) in C:\\xampp\\htdocs\\creativemind\\wp-admin\\includes\\plugin-install.php on line 183, referer: http://localhost/creativemind/wp-admin/nav-menus.php?action=edit&menu=0
[Wed Nov 01 00:20:25.298689 2023] [php:warn] [pid 12904:tid 1840] [client ::1:60093] PHP Warning:  An unexpected error occurred. Something may be wrong with WordPress.org or this server&#8217;s configuration. If you continue to have problems, please try the <a href="https://wordpress.org/support/forums/">support forums</a>. (WordPress could not establish a secure connection to WordPress.org. Please contact your server administrator.) in C:\\xampp\\htdocs\\creativemind\\wp-admin\\includes\\plugin-install.php on line 183, referer: http://localhost/creativemind/wp-admin/themes.php?page=hestia-welcome
[Wed Nov 01 00:20:37.971788 2023] [php:warn] [pid 12904:tid 1848] [client ::1:60085] PHP Warning:  An unexpected error occurred. Something may be wrong with WordPress.org or this server&#8217;s configuration. If you continue to have problems, please try the <a href="https://wordpress.org/support/forums/">support forums</a>. (WordPress could not establish a secure connection to WordPress.org. Please contact your server administrator.) in C:\\xampp\\htdocs\\creativemind\\wp-admin\\includes\\plugin-install.php on line 183, referer: http://localhost/creativemind/wp-admin/nav-menus.php?action=edit&menu=0
[Wed Nov 01 00:20:45.349749 2023] [php:warn] [pid 12904:tid 1840] [client ::1:60093] PHP Warning:  An unexpected error occurred. Something may be wrong with WordPress.org or this server&#8217;s configuration. If you continue to have problems, please try the <a href="https://wordpress.org/support/forums/">support forums</a>. (WordPress could not establish a secure connection to WordPress.org. Please contact your server administrator.) in C:\\xampp\\htdocs\\creativemind\\wp-admin\\includes\\plugin-install.php on line 183, referer: http://localhost/creativemind/wp-admin/themes.php?page=hestia-welcome
[Wed Nov 01 00:20:58.009666 2023] [php:warn] [pid 12904:tid 1848] [client ::1:60085] PHP Warning:  An unexpected error occurred. Something may be wrong with WordPress.org or this server&#8217;s configuration. If you continue to have problems, please try the <a href="https://wordpress.org/support/forums/">support forums</a>. (WordPress could not establish a secure connection to WordPress.org. Please contact your server administrator.) in C:\\xampp\\htdocs\\creativemind\\wp-admin\\includes\\plugin-install.php on line 183, referer: http://localhost/creativemind/wp-admin/nav-menus.php?action=edit&menu=0
[Wed Nov 01 00:21:05.402885 2023] [php:warn] [pid 12904:tid 1840] [client ::1:60093] PHP Warning:  An unexpected error occurred. Something may be wrong with WordPress.org or this server&#8217;s configuration. If you continue to have problems, please try the <a href="https://wordpress.org/support/forums/">support forums</a>. (WordPress could not establish a secure connection to WordPress.org. Please contact your server administrator.) in C:\\xampp\\htdocs\\creativemind\\wp-admin\\includes\\plugin-install.php on line 183, referer: http://localhost/creativemind/wp-admin/themes.php?page=hestia-welcome
[Wed Nov 01 00:21:08.023929 2023] [php:error] [pid 12904:tid 1848] [client ::1:60085] PHP Fatal error:  Maximum execution time of 120 seconds exceeded in C:\\xampp\\htdocs\\creativemind\\wp-includes\\Requests\\src\\Transport\\Curl.php on line 205, referer: http://localhost/creativemind/wp-admin/nav-menus.php?action=edit&menu=0
[Wed Nov 01 00:21:15.412486 2023] [php:error] [pid 12904:tid 1840] [client ::1:60093] PHP Fatal error:  Maximum execution time of 120 seconds exceeded in C:\\xampp\\htdocs\\creativemind\\wp-includes\\Requests\\src\\Transport\\Curl.php on line 205, referer: http://localhost/creativemind/wp-admin/themes.php?page=hestia-welcome
[Wed Nov 01 00:31:23.812402 2023] [php:warn] [pid 12904:tid 1860] [client ::1:60441] PHP Warning:  Array to string conversion in C:\\xampp\\htdocs\\creativemind\\wp-includes\\formatting.php on line 1104, referer: http://localhost/creativemind/wp-admin/nav-menus.php?menu=7
[Wed Nov 01 00:32:43.833699 2023] [php:warn] [pid 12904:tid 1848] [client ::1:60457] PHP Warning:  Array to string conversion in C:\\xampp\\htdocs\\creativemind\\wp-includes\\formatting.php on line 1104, referer: http://localhost/creativemind/wp-admin/nav-menus.php?menu=7
[Wed Nov 01 00:33:27.064088 2023] [php:warn] [pid 12904:tid 1848] [client ::1:60471] PHP Warning:  Array to string conversion in C:\\xampp\\htdocs\\creativemind\\wp-includes\\formatting.php on line 1104, referer: http://localhost/creativemind/wp-admin/nav-menus.php?menu=7
[Wed Nov 01 00:34:38.947199 2023] [php:warn] [pid 12904:tid 1848] [client ::1:60482] PHP Warning:  Array to string conversion in C:\\xampp\\htdocs\\creativemind\\wp-includes\\formatting.php on line 1104, referer: http://localhost/creativemind/wp-admin/nav-menus.php?menu=7
[Tue Nov 07 23:02:59.436685 2023] [ssl:warn] [pid 10308:tid 452] AH01909: www.example.com:443:0 server certificate does NOT include an ID which matches the server name
[Tue Nov 07 23:02:59.493290 2023] [core:warn] [pid 10308:tid 452] AH00098: pid file C:/xampp/apache/logs/httpd.pid overwritten -- Unclean shutdown of previous Apache run?
[Tue Nov 07 23:02:59.495614 2023] [ssl:warn] [pid 10308:tid 452] AH01909: www.example.com:443:0 server certificate does NOT include an ID which matches the server name
[Tue Nov 07 23:02:59.894406 2023] [mpm_winnt:notice] [pid 10308:tid 452] AH00455: Apache/2.4.56 (Win64) OpenSSL/1.1.1t PHP/8.0.28 configured -- resuming normal operations
[Tue Nov 07 23:02:59.894406 2023] [mpm_winnt:notice] [pid 10308:tid 452] AH00456: Apache Lounge VS16 Server built: Mar  7 2023 13:21:03
[Tue Nov 07 23:02:59.894406 2023] [core:notice] [pid 10308:tid 452] AH00094: Command line: 'c:\\xampp\\apache\\bin\\httpd.exe -d C:/xampp/apache'
[Tue Nov 07 23:02:59.912704 2023] [mpm_winnt:notice] [pid 10308:tid 452] AH00418: Parent: Created child process 12172
[Tue Nov 07 23:03:00.679123 2023] [ssl:warn] [pid 12172:tid 412] AH01909: www.example.com:443:0 server certificate does NOT include an ID which matches the server name
[Tue Nov 07 23:03:00.739587 2023] [ssl:warn] [pid 12172:tid 412] AH01909: www.example.com:443:0 server certificate does NOT include an ID which matches the server name
[Tue Nov 07 23:03:00.775189 2023] [mpm_winnt:notice] [pid 12172:tid 412] AH00354: Child: Starting 150 worker threads.
[Wed Nov 08 00:10:56.966332 2023] [ssl:warn] [pid 2020:tid 432] AH01909: www.example.com:443:0 server certificate does NOT include an ID which matches the server name
[Wed Nov 08 00:10:57.016911 2023] [core:warn] [pid 2020:tid 432] AH00098: pid file C:/xampp/apache/logs/httpd.pid overwritten -- Unclean shutdown of previous Apache run?
[Wed Nov 08 00:10:57.019569 2023] [ssl:warn] [pid 2020:tid 432] AH01909: www.example.com:443:0 server certificate does NOT include an ID which matches the server name
[Wed Nov 08 00:10:57.366637 2023] [mpm_winnt:notice] [pid 2020:tid 432] AH00455: Apache/2.4.56 (Win64) OpenSSL/1.1.1t PHP/8.0.28 configured -- resuming normal operations
[Wed Nov 08 00:10:57.366637 2023] [mpm_winnt:notice] [pid 2020:tid 432] AH00456: Apache Lounge VS16 Server built: Mar  7 2023 13:21:03
[Wed Nov 08 00:10:57.366637 2023] [core:notice] [pid 2020:tid 432] AH00094: Command line: 'c:\\xampp\\apache\\bin\\httpd.exe -d C:/xampp/apache'
[Wed Nov 08 00:10:57.372127 2023] [mpm_winnt:notice] [pid 2020:tid 432] AH00418: Parent: Created child process 6724
[Wed Nov 08 00:10:57.952176 2023] [ssl:warn] [pid 6724:tid 424] AH01909: www.example.com:443:0 server certificate does NOT include an ID which matches the server name
[Wed Nov 08 00:10:58.002590 2023] [ssl:warn] [pid 6724:tid 424] AH01909: www.example.com:443:0 server certificate does NOT include an ID which matches the server name
[Wed Nov 08 00:10:58.035329 2023] [mpm_winnt:notice] [pid 6724:tid 424] AH00354: Child: Starting 150 worker threads.
[Thu Nov 09 23:31:16.944882 2023] [ssl:warn] [pid 6292:tid 432] AH01909: www.example.com:443:0 server certificate does NOT include an ID which matches the server name
[Thu Nov 09 23:31:17.038609 2023] [core:warn] [pid 6292:tid 432] AH00098: pid file C:/xampp/apache/logs/httpd.pid overwritten -- Unclean shutdown of previous Apache run?
[Thu Nov 09 23:31:17.038609 2023] [ssl:warn] [pid 6292:tid 432] AH01909: www.example.com:443:0 server certificate does NOT include an ID which matches the server name
[Thu Nov 09 23:31:17.522870 2023] [mpm_winnt:notice] [pid 6292:tid 432] AH00455: Apache/2.4.56 (Win64) OpenSSL/1.1.1t PHP/8.0.28 configured -- resuming normal operations
[Thu Nov 09 23:31:17.522870 2023] [mpm_winnt:notice] [pid 6292:tid 432] AH00456: Apache Lounge VS16 Server built: Mar  7 2023 13:21:03
[Thu Nov 09 23:31:17.522870 2023] [core:notice] [pid 6292:tid 432] AH00094: Command line: 'c:\\xampp\\apache\\bin\\httpd.exe -d C:/xampp/apache'
[Thu Nov 09 23:31:17.522870 2023] [mpm_winnt:notice] [pid 6292:tid 432] AH00418: Parent: Created child process 11496
[Thu Nov 09 23:31:18.326883 2023] [ssl:warn] [pid 11496:tid 416] AH01909: www.example.com:443:0 server certificate does NOT include an ID which matches the server name
[Thu Nov 09 23:31:18.373745 2023] [ssl:warn] [pid 11496:tid 416] AH01909: www.example.com:443:0 server certificate does NOT include an ID which matches the server name
[Thu Nov 09 23:31:18.426185 2023] [mpm_winnt:notice] [pid 11496:tid 416] AH00354: Child: Starting 150 worker threads.
[Fri Nov 10 23:18:21.223861 2023] [ssl:warn] [pid 3384:tid 332] AH01909: www.example.com:443:0 server certificate does NOT include an ID which matches the server name
[Fri Nov 10 23:18:21.291120 2023] [core:warn] [pid 3384:tid 332] AH00098: pid file C:/xampp/apache/logs/httpd.pid overwritten -- Unclean shutdown of previous Apache run?
[Fri Nov 10 23:18:21.295229 2023] [ssl:warn] [pid 3384:tid 332] AH01909: www.example.com:443:0 server certificate does NOT include an ID which matches the server name
[Fri Nov 10 23:18:21.796184 2023] [mpm_winnt:notice] [pid 3384:tid 332] AH00455: Apache/2.4.56 (Win64) OpenSSL/1.1.1t PHP/8.0.28 configured -- resuming normal operations
[Fri Nov 10 23:18:21.796184 2023] [mpm_winnt:notice] [pid 3384:tid 332] AH00456: Apache Lounge VS16 Server built: Mar  7 2023 13:21:03
[Fri Nov 10 23:18:21.796184 2023] [core:notice] [pid 3384:tid 332] AH00094: Command line: 'c:\\xampp\\apache\\bin\\httpd.exe -d C:/xampp/apache'
[Fri Nov 10 23:18:21.801391 2023] [mpm_winnt:notice] [pid 3384:tid 332] AH00418: Parent: Created child process 8948
[Fri Nov 10 23:18:22.448028 2023] [ssl:warn] [pid 8948:tid 400] AH01909: www.example.com:443:0 server certificate does NOT include an ID which matches the server name
[Fri Nov 10 23:18:22.497610 2023] [ssl:warn] [pid 8948:tid 400] AH01909: www.example.com:443:0 server certificate does NOT include an ID which matches the server name
[Fri Nov 10 23:18:22.526502 2023] [mpm_winnt:notice] [pid 8948:tid 400] AH00354: Child: Starting 150 worker threads.
