2023-10-31  1:03:00 0 [Note] Starting MariaDB 10.4.28-MariaDB source revision c8f2e9a5c0ac5905f28b050b7df5a9ffd914b7e7 as process 348
2023-10-31  1:03:00 0 [Note] InnoDB: Mutexes and rw_locks use Windows interlocked functions
2023-10-31  1:03:00 0 [Note] InnoDB: Uses event mutexes
2023-10-31  1:03:00 0 [Note] InnoDB: Compressed tables use zlib 1.2.12
2023-10-31  1:03:00 0 [Note] InnoDB: Number of pools: 1
2023-10-31  1:03:00 0 [Note] InnoDB: Using SSE2 crc32 instructions
2023-10-31  1:03:00 0 [Note] InnoDB: Initializing buffer pool, total size = 16M, instances = 1, chunk size = 16M
2023-10-31  1:03:00 0 [Note] InnoDB: Completed initialization of buffer pool
2023-10-31  1:03:00 0 [Note] InnoDB: Starting crash recovery from checkpoint LSN=300288
2023-10-31  1:03:01 0 [Note] InnoDB: 128 out of 128 rollback segments are active.
2023-10-31  1:03:01 0 [Note] InnoDB: Removed temporary tablespace data file: "ibtmp1"
2023-10-31  1:03:01 0 [Note] InnoDB: Creating shared tablespace for temporary tables
2023-10-31  1:03:01 0 [Note] InnoDB: Setting file 'C:\xampp\mysql\data\ibtmp1' size to 12 MB. Physically writing the file full; Please wait ...
2023-10-31  1:03:01 0 [Note] InnoDB: File 'C:\xampp\mysql\data\ibtmp1' size is now 12 MB.
2023-10-31  1:03:01 0 [Note] InnoDB: Waiting for purge to start
2023-10-31  1:03:01 0 [Note] InnoDB: 10.4.28 started; log sequence number 300297; transaction id 170
2023-10-31  1:03:01 0 [Note] InnoDB: Loading buffer pool(s) from C:\xampp\mysql\data\ib_buffer_pool
2023-10-31  1:03:01 0 [Note] Plugin 'FEEDBACK' is disabled.
2023-10-31  1:03:01 0 [Note] Server socket created on IP: '::'.
2023-10-31 12:28:05 0 [Note] Starting MariaDB 10.4.28-MariaDB source revision c8f2e9a5c0ac5905f28b050b7df5a9ffd914b7e7 as process 10440
2023-10-31 12:28:05 0 [Note] InnoDB: Mutexes and rw_locks use Windows interlocked functions
2023-10-31 12:28:05 0 [Note] InnoDB: Uses event mutexes
2023-10-31 12:28:05 0 [Note] InnoDB: Compressed tables use zlib 1.2.12
2023-10-31 12:28:05 0 [Note] InnoDB: Number of pools: 1
2023-10-31 12:28:05 0 [Note] InnoDB: Using SSE2 crc32 instructions
2023-10-31 12:28:05 0 [Note] InnoDB: Initializing buffer pool, total size = 16M, instances = 1, chunk size = 16M
2023-10-31 12:28:05 0 [Note] InnoDB: Completed initialization of buffer pool
2023-10-31 12:28:05 0 [Note] InnoDB: Starting crash recovery from checkpoint LSN=300306
2023-10-31 12:28:05 0 [Note] InnoDB: 128 out of 128 rollback segments are active.
2023-10-31 12:28:05 0 [Note] InnoDB: Removed temporary tablespace data file: "ibtmp1"
2023-10-31 12:28:05 0 [Note] InnoDB: Creating shared tablespace for temporary tables
2023-10-31 12:28:05 0 [Note] InnoDB: Setting file 'C:\xampp\mysql\data\ibtmp1' size to 12 MB. Physically writing the file full; Please wait ...
2023-10-31 12:28:05 0 [Note] InnoDB: File 'C:\xampp\mysql\data\ibtmp1' size is now 12 MB.
2023-10-31 12:28:05 0 [Note] InnoDB: Waiting for purge to start
2023-10-31 12:28:05 0 [Note] InnoDB: 10.4.28 started; log sequence number 300315; transaction id 170
2023-10-31 12:28:05 0 [Note] Plugin 'FEEDBACK' is disabled.
2023-10-31 12:28:05 0 [Note] InnoDB: Loading buffer pool(s) from C:\xampp\mysql\data\ib_buffer_pool
2023-10-31 12:28:05 0 [Note] InnoDB: Buffer pool(s) load completed at 231031 12:28:05
2023-10-31 12:28:05 0 [Note] Server socket created on IP: '::'.
2023-10-31 23:49:04 0 [Note] Starting MariaDB 10.4.28-MariaDB source revision c8f2e9a5c0ac5905f28b050b7df5a9ffd914b7e7 as process 12396
2023-10-31 23:49:04 0 [Note] InnoDB: Mutexes and rw_locks use Windows interlocked functions
2023-10-31 23:49:04 0 [Note] InnoDB: Uses event mutexes
2023-10-31 23:49:04 0 [Note] InnoDB: Compressed tables use zlib 1.2.12
2023-10-31 23:49:04 0 [Note] InnoDB: Number of pools: 1
2023-10-31 23:49:04 0 [Note] InnoDB: Using SSE2 crc32 instructions
2023-10-31 23:49:04 0 [Note] InnoDB: Initializing buffer pool, total size = 16M, instances = 1, chunk size = 16M
2023-10-31 23:49:04 0 [Note] InnoDB: Completed initialization of buffer pool
2023-10-31 23:49:04 0 [Note] InnoDB: Starting crash recovery from checkpoint LSN=1825251
2023-10-31 23:49:05 0 [Note] InnoDB: 128 out of 128 rollback segments are active.
2023-10-31 23:49:05 0 [Note] InnoDB: Removed temporary tablespace data file: "ibtmp1"
2023-10-31 23:49:05 0 [Note] InnoDB: Creating shared tablespace for temporary tables
2023-10-31 23:49:05 0 [Note] InnoDB: Setting file 'C:\xampp\mysql\data\ibtmp1' size to 12 MB. Physically writing the file full; Please wait ...
2023-10-31 23:49:05 0 [Note] InnoDB: File 'C:\xampp\mysql\data\ibtmp1' size is now 12 MB.
2023-10-31 23:49:05 0 [Note] InnoDB: Waiting for purge to start
2023-10-31 23:49:05 0 [Note] InnoDB: 10.4.28 started; log sequence number 1825260; transaction id 820
2023-10-31 23:49:05 0 [Note] InnoDB: Loading buffer pool(s) from C:\xampp\mysql\data\ib_buffer_pool
2023-10-31 23:49:05 0 [Note] Plugin 'FEEDBACK' is disabled.
2023-10-31 23:49:05 0 [Note] Server socket created on IP: '::'.
2023-11-07 23:02:59 0 [Note] Starting MariaDB 10.4.28-MariaDB source revision c8f2e9a5c0ac5905f28b050b7df5a9ffd914b7e7 as process 272
2023-11-07 23:02:59 0 [Note] InnoDB: Mutexes and rw_locks use Windows interlocked functions
2023-11-07 23:02:59 0 [Note] InnoDB: Uses event mutexes
2023-11-07 23:02:59 0 [Note] InnoDB: Compressed tables use zlib 1.2.12
2023-11-07 23:02:59 0 [Note] InnoDB: Number of pools: 1
2023-11-07 23:02:59 0 [Note] InnoDB: Using SSE2 crc32 instructions
2023-11-07 23:02:59 0 [Note] InnoDB: Initializing buffer pool, total size = 16M, instances = 1, chunk size = 16M
2023-11-07 23:03:00 0 [Note] InnoDB: Completed initialization of buffer pool
2023-11-07 23:03:00 0 [Note] InnoDB: Starting crash recovery from checkpoint LSN=2760780
2023-11-07 23:03:00 0 [Note] InnoDB: 128 out of 128 rollback segments are active.
2023-11-07 23:03:00 0 [Note] InnoDB: Removed temporary tablespace data file: "ibtmp1"
2023-11-07 23:03:00 0 [Note] InnoDB: Creating shared tablespace for temporary tables
2023-11-07 23:03:00 0 [Note] InnoDB: Setting file 'C:\xampp\mysql\data\ibtmp1' size to 12 MB. Physically writing the file full; Please wait ...
2023-11-07 23:03:00 0 [Note] InnoDB: File 'C:\xampp\mysql\data\ibtmp1' size is now 12 MB.
2023-11-07 23:03:00 0 [Note] InnoDB: Waiting for purge to start
2023-11-07 23:03:00 0 [Note] InnoDB: 10.4.28 started; log sequence number 2760789; transaction id 1824
2023-11-07 23:03:00 0 [Note] InnoDB: Loading buffer pool(s) from C:\xampp\mysql\data\ib_buffer_pool
2023-11-07 23:03:00 0 [Note] Plugin 'FEEDBACK' is disabled.
2023-11-07 23:03:00 0 [Note] InnoDB: Buffer pool(s) load completed at 231107 23:03:00
2023-11-07 23:03:00 0 [Note] Server socket created on IP: '::'.
2023-11-08  0:10:58 0 [Note] Starting MariaDB 10.4.28-MariaDB source revision c8f2e9a5c0ac5905f28b050b7df5a9ffd914b7e7 as process 5708
2023-11-08  0:10:58 0 [Note] InnoDB: Mutexes and rw_locks use Windows interlocked functions
2023-11-08  0:10:58 0 [Note] InnoDB: Uses event mutexes
2023-11-08  0:10:58 0 [Note] InnoDB: Compressed tables use zlib 1.2.12
2023-11-08  0:10:58 0 [Note] InnoDB: Number of pools: 1
2023-11-08  0:10:58 0 [Note] InnoDB: Using SSE2 crc32 instructions
2023-11-08  0:10:58 0 [Note] InnoDB: Initializing buffer pool, total size = 16M, instances = 1, chunk size = 16M
2023-11-08  0:10:58 0 [Note] InnoDB: Completed initialization of buffer pool
2023-11-08  0:10:58 0 [Note] InnoDB: Starting crash recovery from checkpoint LSN=4088739
2023-11-08  0:10:59 0 [Note] InnoDB: 128 out of 128 rollback segments are active.
2023-11-08  0:10:59 0 [Note] InnoDB: Removed temporary tablespace data file: "ibtmp1"
2023-11-08  0:10:59 0 [Note] InnoDB: Creating shared tablespace for temporary tables
2023-11-08  0:10:59 0 [Note] InnoDB: Setting file 'C:\xampp\mysql\data\ibtmp1' size to 12 MB. Physically writing the file full; Please wait ...
2023-11-08  0:10:59 0 [Note] InnoDB: File 'C:\xampp\mysql\data\ibtmp1' size is now 12 MB.
2023-11-08  0:10:59 0 [Note] InnoDB: Waiting for purge to start
2023-11-08  0:10:59 0 [Note] InnoDB: 10.4.28 started; log sequence number 4088748; transaction id 2498
2023-11-08  0:10:59 0 [Note] InnoDB: Loading buffer pool(s) from C:\xampp\mysql\data\ib_buffer_pool
2023-11-08  0:10:59 0 [Note] Plugin 'FEEDBACK' is disabled.
2023-11-08  0:10:59 0 [Note] InnoDB: Buffer pool(s) load completed at 231108  0:10:59
2023-11-08  0:10:59 0 [Note] Server socket created on IP: '::'.
2023-11-09 23:31:16 0 [Note] Starting MariaDB 10.4.28-MariaDB source revision c8f2e9a5c0ac5905f28b050b7df5a9ffd914b7e7 as process 9540
2023-11-09 23:31:16 0 [Note] InnoDB: Mutexes and rw_locks use Windows interlocked functions
2023-11-09 23:31:16 0 [Note] InnoDB: Uses event mutexes
2023-11-09 23:31:16 0 [Note] InnoDB: Compressed tables use zlib 1.2.12
2023-11-09 23:31:16 0 [Note] InnoDB: Number of pools: 1
2023-11-09 23:31:16 0 [Note] InnoDB: Using SSE2 crc32 instructions
2023-11-09 23:31:16 0 [Note] InnoDB: Initializing buffer pool, total size = 16M, instances = 1, chunk size = 16M
2023-11-09 23:31:16 0 [Note] InnoDB: Completed initialization of buffer pool
2023-11-09 23:31:17 0 [Note] InnoDB: Starting crash recovery from checkpoint LSN=4495024
2023-11-09 23:31:17 0 [Note] InnoDB: 128 out of 128 rollback segments are active.
2023-11-09 23:31:17 0 [Note] InnoDB: Removed temporary tablespace data file: "ibtmp1"
2023-11-09 23:31:17 0 [Note] InnoDB: Creating shared tablespace for temporary tables
2023-11-09 23:31:17 0 [Note] InnoDB: Setting file 'C:\xampp\mysql\data\ibtmp1' size to 12 MB. Physically writing the file full; Please wait ...
2023-11-09 23:31:17 0 [Note] InnoDB: File 'C:\xampp\mysql\data\ibtmp1' size is now 12 MB.
2023-11-09 23:31:17 0 [Note] InnoDB: Waiting for purge to start
2023-11-09 23:31:17 0 [Note] InnoDB: 10.4.28 started; log sequence number 4495033; transaction id 2601
2023-11-09 23:31:17 0 [Note] InnoDB: Loading buffer pool(s) from C:\xampp\mysql\data\ib_buffer_pool
2023-11-09 23:31:17 0 [Note] Plugin 'FEEDBACK' is disabled.
2023-11-09 23:31:17 0 [Note] InnoDB: Buffer pool(s) load completed at 231109 23:31:17
2023-11-09 23:31:17 0 [Note] Server socket created on IP: '::'.
2023-11-10 23:18:21 0 [Note] Starting MariaDB 10.4.28-MariaDB source revision c8f2e9a5c0ac5905f28b050b7df5a9ffd914b7e7 as process 13924
2023-11-10 23:18:21 0 [Note] InnoDB: Mutexes and rw_locks use Windows interlocked functions
2023-11-10 23:18:21 0 [Note] InnoDB: Uses event mutexes
2023-11-10 23:18:21 0 [Note] InnoDB: Compressed tables use zlib 1.2.12
2023-11-10 23:18:21 0 [Note] InnoDB: Number of pools: 1
2023-11-10 23:18:21 0 [Note] InnoDB: Using SSE2 crc32 instructions
2023-11-10 23:18:21 0 [Note] InnoDB: Initializing buffer pool, total size = 16M, instances = 1, chunk size = 16M
2023-11-10 23:18:21 0 [Note] InnoDB: Completed initialization of buffer pool
2023-11-10 23:18:21 0 [Note] InnoDB: Starting crash recovery from checkpoint LSN=6631474
2023-11-10 23:18:21 0 [Note] InnoDB: 128 out of 128 rollback segments are active.
2023-11-10 23:18:21 0 [Note] InnoDB: Removed temporary tablespace data file: "ibtmp1"
2023-11-10 23:18:21 0 [Note] InnoDB: Creating shared tablespace for temporary tables
2023-11-10 23:18:21 0 [Note] InnoDB: Setting file 'C:\xampp\mysql\data\ibtmp1' size to 12 MB. Physically writing the file full; Please wait ...
2023-11-10 23:18:21 0 [Note] InnoDB: File 'C:\xampp\mysql\data\ibtmp1' size is now 12 MB.
2023-11-10 23:18:21 0 [Note] InnoDB: Waiting for purge to start
2023-11-10 23:18:21 0 [Note] InnoDB: 10.4.28 started; log sequence number 6631483; transaction id 3066
2023-11-10 23:18:21 0 [Note] InnoDB: Loading buffer pool(s) from C:\xampp\mysql\data\ib_buffer_pool
2023-11-10 23:18:21 0 [Note] Plugin 'FEEDBACK' is disabled.
2023-11-10 23:18:21 0 [Note] InnoDB: Buffer pool(s) load completed at 231110 23:18:21
2023-11-10 23:18:21 0 [Note] Server socket created on IP: '::'.
